{
  "RSpec": {
    "coverage": {
      "/home/impartial-glossary-2461/tic-tac-toe-rb-online-web-sp-000/lib/tic_tac_toe.rb": [
        1,
        null,
        1,
        13,
        13,
        13,
        13,
        13,
        null,
        null,
        1,
        13,
        null,
        null,
        1,
        13,
        null,
        null,
        1,
        13,
        null,
        null,
        1,
        13,
        null,
        null,
        1,
        13,
        13,
        13,
        13,
        13,
        13,
        null,
        0,
        null,
        null,
        null,
        1,
        13,
        13,
        null,
        117,
        21,
        null,
        null,
        13,
        null,
        null,
        1,
        13,
        13,
        null,
        null,
        1,
        43,
        219,
        219,
        219,
        219,
        19,
        null,
        null,
        24,
        null,
        null,
        1,
        11,
        50,
        7,
        null,
        null,
        4,
        null,
        null,
        1,
        11,
        4,
        null,
        7,
        null,
        null,
        null,
        1,
        14,
        8,
        null,
        null,
        null,
        1,
        5,
        5,
        5,
        5,
        null,
        null,
        null,
        null,
        null,
        1,
        12,
        13,
        13,
        null,
        12,
        6,
        6,
        6,
        6,
        3,
        null,
        null
      ]
    },
    "timestamp": 1599693972
  }
}
